<?xml version="1.0" encoding="UTF-8"?>
<testsuites name="Fail Test" time="34.468" tests="1" failures="0" errors="1">
   <testsuite name="Fail Test" tests="1" failures="0" errors="1" time="34.468" skipped="0" timestamp="2022-11-16 13:32:00" hostname="Mohd Azwan - LAPTOP-GE4K8KER" id="Test Suites/Fail Test">
      <properties>
         <property name="deviceName" value=""/>
         <property name="devicePlatform" value=""/>
         <property name="logFolder" value="C:\\Users\\azwan\\git\\Toyotsu\\Reports\\20221116_133140\\Fail Test\\20221116_133140"/>
         <property name="logFiles" value="C:\\Users\\azwan\\git\\Toyotsu\\Reports\\20221116_133140\\Fail Test\\20221116_133140\\execution0.log"/>
         <property name="attachments" value=""/>
         <property name="hostName" value="Mohd Azwan - LAPTOP-GE4K8KER"/>
         <property name="os" value="Windows 10 64bit"/>
         <property name="katalonVersion" value="8.5.1.208"/>
         <property name="browser" value="Chrome 107.0.0.0"/>
         <property name="hostAddress" value="192.168.137.1"/>
         <property name="sessionId" value="03cd4ce25aa07d264917e3c7ff542c10"/>
         <property name="seleniumVersion" value="3.141.59"/>
         <property name="proxyInformation" value="ProxyInformation { proxyOption=NO_PROXY, proxyServerType=HTTP, username=, password=********, proxyServerAddress=, proxyServerPort=0, executionList=&quot;&quot;, isApplyToDesiredCapabilities=true }"/>
         <property name="platform" value="Windows 10"/>
      </properties>
      <testcase name="Test Cases/common/Fail Login" time="33.74" classname="Test Cases/common/Fail Login" status="ERROR">
         <error type="ERROR" message="Test Cases/common/Fail Login FAILED.
Reason:
groovy.lang.MissingPropertyException: No such property: company for class: Script1668573508130
	at Fail Login.run(Fail Login:47)
	at com.kms.katalon.core.main.ScriptEngine.run(ScriptEngine.java:194)
	at com.kms.katalon.core.main.ScriptEngine.runScriptAsRawText(ScriptEngine.java:119)
	at com.kms.katalon.core.main.TestCaseExecutor.runScript(TestCaseExecutor.java:448)
	at com.kms.katalon.core.main.TestCaseExecutor.doExecute(TestCaseExecutor.java:439)
	at com.kms.katalon.core.main.TestCaseExecutor.processExecutionPhase(TestCaseExecutor.java:418)
	at com.kms.katalon.core.main.TestCaseExecutor.accessMainPhase(TestCaseExecutor.java:410)
	at com.kms.katalon.core.main.TestCaseExecutor.execute(TestCaseExecutor.java:285)
	at com.kms.katalon.core.common.CommonExecutor.accessTestCaseMainPhase(CommonExecutor.java:65)
	at com.kms.katalon.core.main.TestSuiteExecutor.accessTestSuiteMainPhase(TestSuiteExecutor.java:151)
	at com.kms.katalon.core.main.TestSuiteExecutor.execute(TestSuiteExecutor.java:106)
	at com.kms.katalon.core.main.TestCaseMain.startTestSuite(TestCaseMain.java:185)
	at com.kms.katalon.core.main.TestCaseMain$startTestSuite$0.call(Unknown Source)
	at TempTestSuite1668576700708.run(TempTestSuite1668576700708.groovy:36)
"/>
         <system-out><![CDATA[2022-11-16 13:32:01 - [TEST_CASE][ERROR] - Test Cases/common/Fail Login: Test Cases/common/Fail Login FAILED.
Reason:
groovy.lang.MissingPropertyException: No such property: company for class: Script1668573508130
	at Fail Login.run(Fail Login:47)
	at com.kms.katalon.core.main.ScriptEngine.run(ScriptEngine.java:194)
	at com.kms.katalon.core.main.ScriptEngine.runScriptAsRawText(ScriptEngine.java:119)
	at com.kms.katalon.core.main.TestCaseExecutor.runScript(TestCaseExecutor.java:448)
	at com.kms.katalon.core.main.TestCaseExecutor.doExecute(TestCaseExecutor.java:439)
	at com.kms.katalon.core.main.TestCaseExecutor.processExecutionPhase(TestCaseExecutor.java:418)
	at com.kms.katalon.core.main.TestCaseExecutor.accessMainPhase(TestCaseExecutor.java:410)
	at com.kms.katalon.core.main.TestCaseExecutor.execute(TestCaseExecutor.java:285)
	at com.kms.katalon.core.common.CommonExecutor.accessTestCaseMainPhase(CommonExecutor.java:65)
	at com.kms.katalon.core.main.TestSuiteExecutor.accessTestSuiteMainPhase(TestSuiteExecutor.java:151)
	at com.kms.katalon.core.main.TestSuiteExecutor.execute(TestSuiteExecutor.java:106)
	at com.kms.katalon.core.main.TestCaseMain.startTestSuite(TestCaseMain.java:185)
	at com.kms.katalon.core.main.TestCaseMain$startTestSuite$0.call(Unknown Source)
	at TempTestSuite1668576700708.run(TempTestSuite1668576700708.groovy:36)


2022-11-16 13:32:02 - [TEST_STEP][PASSED] - openBrowser(""): Browser is opened with url: ''

2022-11-16 13:32:03 - [MESSAGE][INFO] - Starting 'Chrome' driver

2022-11-16 13:32:03 - [MESSAGE][INFO] - User set preference: ['prefs', '{download.default_directory=C:\Katalon_downloaded_file}']

2022-11-16 13:32:03 - [MESSAGE][INFO] - Action delay is set to 0 milliseconds

2022-11-16 13:32:07 - [MESSAGE][PASSED] - Browser is opened with url: ''

2022-11-16 13:32:07 - [TEST_STEP][PASSED] - maximizeWindow(): Current window maximized

2022-11-16 13:32:08 - [MESSAGE][PASSED] - Current window maximized

2022-11-16 13:32:08 - [TEST_STEP][PASSED] - navigateToUrl("https://test.brivge.com/home"): Navigate to 'https://test.brivge.com/home' successfully

2022-11-16 13:32:12 - [MESSAGE][PASSED] - Navigate to 'https://test.brivge.com/home' successfully

2022-11-16 13:32:12 - [TEST_STEP][PASSED] - waitForElementVisible(findTestObject("Object Repository/Login/input_Sign In_username"), 0): Object 'Object Repository/Login/input_Sign In_username' is visible

2022-11-16 13:32:12 - [MESSAGE][WARNING] - Timeout '0' is invalid. Using default page load timeout: '10'

2022-11-16 13:32:14 - [MESSAGE][PASSED] - Object 'Object Repository/Login/input_Sign In_username' is visible

2022-11-16 13:32:14 - [TEST_STEP][PASSED] - setText(findTestObject("Object Repository/Login/input_Sign In_username"), usernameAzwan): Text 'Azwan' is set on object 'Object Repository/Login/input_Sign In_username'

2022-11-16 13:32:16 - [MESSAGE][PASSED] - Text 'Azwan' is set on object 'Object Repository/Login/input_Sign In_username'

2022-11-16 13:32:16 - [TEST_STEP][PASSED] - setText(findTestObject("Object Repository/Login/input_Sign In_password"), passwordAzwan): Text 'Azwan-123' is set on object 'Object Repository/Login/input_Sign In_password'

2022-11-16 13:32:17 - [MESSAGE][PASSED] - Text 'Azwan-123' is set on object 'Object Repository/Login/input_Sign In_password'

2022-11-16 13:32:17 - [TEST_STEP][PASSED] - click(findTestObject("Object Repository/Login/span_Sign In")): Object: 'Object Repository/Login/span_Sign In' is clicked on

2022-11-16 13:32:17 - [MESSAGE][PASSED] - Object: 'Object Repository/Login/span_Sign In' is clicked on

2022-11-16 13:32:17 - [TEST_STEP][PASSED] - verifyElementVisible(findTestObject("Object Repository/Login/input_Verify_verificationCode")): Object 'Object Repository/Login/input_Verify_verificationCode' is visible

2022-11-16 13:32:18 - [MESSAGE][PASSED] - Object 'Object Repository/Login/input_Verify_verificationCode' is visible

2022-11-16 13:32:18 - [TEST_STEP][PASSED] - setText(findTestObject("Object Repository/Login/input_Verify_verificationCode"), verificationAzwan, STOP_ON_FAILURE): Text '707501' is set on object 'Object Repository/Login/input_Verify_verificationCode'

2022-11-16 13:32:19 - [MESSAGE][PASSED] - Text '707501' is set on object 'Object Repository/Login/input_Verify_verificationCode'

2022-11-16 13:32:19 - [TEST_STEP][PASSED] - click(findTestObject("Login/span_Verify")): Object: 'Object Repository/Login/span_Verify' is clicked on

2022-11-16 13:32:20 - [MESSAGE][PASSED] - Object: 'Object Repository/Login/span_Verify' is clicked on

2022-11-16 13:32:20 - [TEST_STEP][PASSED] - verifyElementVisible(findTestObject("TC001/Page_Brivge/Verify_Inbound Record")): Object 'Object Repository/TC001/Page_Brivge/Verify_Inbound Record' is visible

2022-11-16 13:32:31 - [MESSAGE][INFO] - Unable to find the element located by 'By.xpath: //*[(text() = 'Has login' or . = 'Has login')]'. Please recheck the objects properties to make sure the desired element is located. 

2022-11-16 13:32:31 - [MESSAGE][WARNING] - [SELF-HEALING] Failed to find element with id 'Object Repository/TC001/Page_Brivge/Verify_Inbound Record'. Try using Self-healing.

2022-11-16 13:32:33 - [MESSAGE][INFO] - [SELF-HEALING] Screenshot: C:/Users/azwan/git/Toyotsu/Reports/Self-healing/Object Repository/TC001/Page_Brivge/Verify_Inbound Record_XPATH.png

2022-11-16 13:32:33 - [MESSAGE][WARNING] - [SELF-HEALING] The current locator of test object 'Object Repository/TC001/Page_Brivge/Verify_Inbound Record' was broken. Propose an alternative one: '//h6[(text() = 'Inbound Record' or . = 'Inbound Record')]'.

2022-11-16 13:32:33 - [MESSAGE][PASSED] - Object 'Object Repository/TC001/Page_Brivge/Verify_Inbound Record' is visible

2022-11-16 13:32:33 - [TEST_STEP][PASSED] - click(findTestObject("TC003/button_aazwanSGDC-Azwan")): Object: 'Object Repository/TC003/button_aazwanSGDC-Azwan' is clicked on

2022-11-16 13:32:33 - [MESSAGE][PASSED] - Object: 'Object Repository/TC003/button_aazwanSGDC-Azwan' is clicked on

2022-11-16 13:32:33 - [TEST_STEP][PASSED] - click(findTestObject("TC003/button_company")): Object: 'Object Repository/TC003/button_company' is clicked on

2022-11-16 13:32:35 - [MESSAGE][PASSED] - Object: 'Object Repository/TC003/button_company' is clicked on

2022-11-16 13:32:35 - [TEST_STEP][ERROR] - click(findTestObject("Login/li_Company", ["company":company])): Test Cases/common/Fail Login FAILED.
Reason:
groovy.lang.MissingPropertyException: No such property: company for class: Script1668573508130
	at Fail Login.run(Fail Login:47)
	at com.kms.katalon.core.main.ScriptEngine.run(ScriptEngine.java:194)
	at com.kms.katalon.core.main.ScriptEngine.runScriptAsRawText(ScriptEngine.java:119)
	at com.kms.katalon.core.main.TestCaseExecutor.runScript(TestCaseExecutor.java:448)
	at com.kms.katalon.core.main.TestCaseExecutor.doExecute(TestCaseExecutor.java:439)
	at com.kms.katalon.core.main.TestCaseExecutor.processExecutionPhase(TestCaseExecutor.java:418)
	at com.kms.katalon.core.main.TestCaseExecutor.accessMainPhase(TestCaseExecutor.java:410)
	at com.kms.katalon.core.main.TestCaseExecutor.execute(TestCaseExecutor.java:285)
	at com.kms.katalon.core.common.CommonExecutor.accessTestCaseMainPhase(CommonExecutor.java:65)
	at com.kms.katalon.core.main.TestSuiteExecutor.accessTestSuiteMainPhase(TestSuiteExecutor.java:151)
	at com.kms.katalon.core.main.TestSuiteExecutor.execute(TestSuiteExecutor.java:106)
	at com.kms.katalon.core.main.TestCaseMain.startTestSuite(TestCaseMain.java:185)
	at com.kms.katalon.core.main.TestCaseMain$startTestSuite$0.call(Unknown Source)
	at TempTestSuite1668576700708.run(TempTestSuite1668576700708.groovy:36)


2022-11-16 13:32:35 - [MESSAGE][ERROR] - Test Cases/common/Fail Login FAILED.
Reason:
groovy.lang.MissingPropertyException: No such property: company for class: Script1668573508130
	at Fail Login.run(Fail Login:47)
	at com.kms.katalon.core.main.ScriptEngine.run(ScriptEngine.java:194)
	at com.kms.katalon.core.main.ScriptEngine.runScriptAsRawText(ScriptEngine.java:119)
	at com.kms.katalon.core.main.TestCaseExecutor.runScript(TestCaseExecutor.java:448)
	at com.kms.katalon.core.main.TestCaseExecutor.doExecute(TestCaseExecutor.java:439)
	at com.kms.katalon.core.main.TestCaseExecutor.processExecutionPhase(TestCaseExecutor.java:418)
	at com.kms.katalon.core.main.TestCaseExecutor.accessMainPhase(TestCaseExecutor.java:410)
	at com.kms.katalon.core.main.TestCaseExecutor.execute(TestCaseExecutor.java:285)
	at com.kms.katalon.core.common.CommonExecutor.accessTestCaseMainPhase(CommonExecutor.java:65)
	at com.kms.katalon.core.main.TestSuiteExecutor.accessTestSuiteMainPhase(TestSuiteExecutor.java:151)
	at com.kms.katalon.core.main.TestSuiteExecutor.execute(TestSuiteExecutor.java:106)
	at com.kms.katalon.core.main.TestCaseMain.startTestSuite(TestCaseMain.java:185)
	at com.kms.katalon.core.main.TestCaseMain$startTestSuite$0.call(Unknown Source)
	at TempTestSuite1668576700708.run(TempTestSuite1668576700708.groovy:36)]]></system-out>
         <system-err><![CDATA[2022-11-16 13:32:01 - [TEST_CASE][ERROR] - Test Cases/common/Fail Login: Test Cases/common/Fail Login FAILED.
Reason:
groovy.lang.MissingPropertyException: No such property: company for class: Script1668573508130
	at Fail Login.run(Fail Login:47)
	at com.kms.katalon.core.main.ScriptEngine.run(ScriptEngine.java:194)
	at com.kms.katalon.core.main.ScriptEngine.runScriptAsRawText(ScriptEngine.java:119)
	at com.kms.katalon.core.main.TestCaseExecutor.runScript(TestCaseExecutor.java:448)
	at com.kms.katalon.core.main.TestCaseExecutor.doExecute(TestCaseExecutor.java:439)
	at com.kms.katalon.core.main.TestCaseExecutor.processExecutionPhase(TestCaseExecutor.java:418)
	at com.kms.katalon.core.main.TestCaseExecutor.accessMainPhase(TestCaseExecutor.java:410)
	at com.kms.katalon.core.main.TestCaseExecutor.execute(TestCaseExecutor.java:285)
	at com.kms.katalon.core.common.CommonExecutor.accessTestCaseMainPhase(CommonExecutor.java:65)
	at com.kms.katalon.core.main.TestSuiteExecutor.accessTestSuiteMainPhase(TestSuiteExecutor.java:151)
	at com.kms.katalon.core.main.TestSuiteExecutor.execute(TestSuiteExecutor.java:106)
	at com.kms.katalon.core.main.TestCaseMain.startTestSuite(TestCaseMain.java:185)
	at com.kms.katalon.core.main.TestCaseMain$startTestSuite$0.call(Unknown Source)
	at TempTestSuite1668576700708.run(TempTestSuite1668576700708.groovy:36)]]></system-err>
      </testcase>
      <system-out><![CDATA[2022-11-16 13:32:00 - [TEST_SUITE][ERROR] - Fail Test: Test Cases/common/Fail Login FAILED.
Reason:
groovy.lang.MissingPropertyException: No such property: company for class: Script1668573508130
	at Fail Login.run(Fail Login:47)
	at com.kms.katalon.core.main.ScriptEngine.run(ScriptEngine.java:194)
	at com.kms.katalon.core.main.ScriptEngine.runScriptAsRawText(ScriptEngine.java:119)
	at com.kms.katalon.core.main.TestCaseExecutor.runScript(TestCaseExecutor.java:448)
	at com.kms.katalon.core.main.TestCaseExecutor.doExecute(TestCaseExecutor.java:439)
	at com.kms.katalon.core.main.TestCaseExecutor.processExecutionPhase(TestCaseExecutor.java:418)
	at com.kms.katalon.core.main.TestCaseExecutor.accessMainPhase(TestCaseExecutor.java:410)
	at com.kms.katalon.core.main.TestCaseExecutor.execute(TestCaseExecutor.java:285)
	at com.kms.katalon.core.common.CommonExecutor.accessTestCaseMainPhase(CommonExecutor.java:65)
	at com.kms.katalon.core.main.TestSuiteExecutor.accessTestSuiteMainPhase(TestSuiteExecutor.java:151)
	at com.kms.katalon.core.main.TestSuiteExecutor.execute(TestSuiteExecutor.java:106)
	at com.kms.katalon.core.main.TestCaseMain.startTestSuite(TestCaseMain.java:185)
	at com.kms.katalon.core.main.TestCaseMain$startTestSuite$0.call(Unknown Source)
	at TempTestSuite1668576700708.run(TempTestSuite1668576700708.groovy:36)]]></system-out>
      <system-err><![CDATA[2022-11-16 13:32:00 - [TEST_SUITE][ERROR] - Fail Test: Test Cases/common/Fail Login FAILED.
Reason:
groovy.lang.MissingPropertyException: No such property: company for class: Script1668573508130
	at Fail Login.run(Fail Login:47)
	at com.kms.katalon.core.main.ScriptEngine.run(ScriptEngine.java:194)
	at com.kms.katalon.core.main.ScriptEngine.runScriptAsRawText(ScriptEngine.java:119)
	at com.kms.katalon.core.main.TestCaseExecutor.runScript(TestCaseExecutor.java:448)
	at com.kms.katalon.core.main.TestCaseExecutor.doExecute(TestCaseExecutor.java:439)
	at com.kms.katalon.core.main.TestCaseExecutor.processExecutionPhase(TestCaseExecutor.java:418)
	at com.kms.katalon.core.main.TestCaseExecutor.accessMainPhase(TestCaseExecutor.java:410)
	at com.kms.katalon.core.main.TestCaseExecutor.execute(TestCaseExecutor.java:285)
	at com.kms.katalon.core.common.CommonExecutor.accessTestCaseMainPhase(CommonExecutor.java:65)
	at com.kms.katalon.core.main.TestSuiteExecutor.accessTestSuiteMainPhase(TestSuiteExecutor.java:151)
	at com.kms.katalon.core.main.TestSuiteExecutor.execute(TestSuiteExecutor.java:106)
	at com.kms.katalon.core.main.TestCaseMain.startTestSuite(TestCaseMain.java:185)
	at com.kms.katalon.core.main.TestCaseMain$startTestSuite$0.call(Unknown Source)
	at TempTestSuite1668576700708.run(TempTestSuite1668576700708.groovy:36)]]></system-err>
   </testsuite>
</testsuites>
